<?xml version="1.0" encoding="UTF-8"?>
<testng-results skipped="0" failed="0" ignored="0" total="1" passed="1">
  <reporter-output>
  </reporter-output>
  <suite name="Suite" duration-ms="22744" started-at="2018-04-25T16:57:44Z" finished-at="2018-04-25T16:58:06Z">
    <groups>
    </groups>
    <test name="Test" duration-ms="22744" started-at="2018-04-25T16:57:44Z" finished-at="2018-04-25T16:58:06Z">
      <class name="Example.NewTest">
        <test-method status="PASS" signature="beforeTest()[pri:0, instance:Example.NewTest@2f7c7260]" name="beforeTest" is-config="true" duration-ms="3056" started-at="2018-04-25T22:27:44Z" finished-at="2018-04-25T22:27:47Z">
          <reporter-output>
          </reporter-output>
        </test-method> <!-- beforeTest -->
        <test-method status="PASS" signature="testEasy()[pri:0, instance:Example.NewTest@2f7c7260]" name="testEasy" duration-ms="19077" started-at="2018-04-25T22:27:47Z" finished-at="2018-04-25T22:28:06Z">
          <reporter-output>
          </reporter-output>
        </test-method> <!-- testEasy -->
        <test-method status="PASS" signature="afterTest()[pri:0, instance:Example.NewTest@2f7c7260]" name="afterTest" is-config="true" duration-ms="591" started-at="2018-04-25T22:28:06Z" finished-at="2018-04-25T22:28:06Z">
          <reporter-output>
          </reporter-output>
        </test-method> <!-- afterTest -->
      </class> <!-- Example.NewTest -->
    </test> <!-- Test -->
  </suite> <!-- Suite -->
</testng-results>
